<?xml version="1.0" encoding="UTF-8"?>
<robot generator="Robot 3.2.2 (Python 3.7.0 on win32)" generated="20221101 15:11:48.988" rpa="false">
<suite id="s1" name="RobotProject1" source="C:\Users\ldthinh\git\AYCAP\RobotProject1">
<suite id="s1-s1" name="Test" source="C:\Users\ldthinh\git\AYCAP\RobotProject1\Test">
<suite id="s1-s1-s1" name="TestSuite1" source="C:\Users\ldthinh\git\AYCAP\RobotProject1\Test\TestSuite1.robot">
<test id="s1-s1-s1-t1" name="SampleLoginTest">
<kw name="Open Browser" library="SeleniumLibrary">
<doc>Opens a new browser instance to the optional ``url``.</doc>
<arguments>
<arg>https://opensource-demo.orangehrmlive.com/web/index.php/auth/login</arg>
<arg>chrome</arg>
</arguments>
<msg timestamp="20221101 15:11:49.164" level="INFO">Opening browser 'chrome' to base url 'https://opensource-demo.orangehrmlive.com/web/index.php/auth/login'.</msg>
<status status="PASS" starttime="20221101 15:11:49.164" endtime="20221101 15:12:18.877"></status>
</kw>
<kw name="Set Browser Implicit Wait" library="SeleniumLibrary">
<doc>Sets the implicit wait value used by Selenium.</doc>
<arguments>
<arg>5</arg>
</arguments>
<status status="PASS" starttime="20221101 15:12:18.877" endtime="20221101 15:12:18.879"></status>
</kw>
<kw name="Input Text" library="SeleniumLibrary">
<doc>Types the given ``text`` into the text field identified by ``locator``.</doc>
<arguments>
<arg>xpath://input[@name = 'username']</arg>
<arg>Admin</arg>
</arguments>
<msg timestamp="20221101 15:12:18.879" level="INFO">Typing text 'Admin' into text field 'xpath://input[@name = 'username']'.</msg>
<status status="PASS" starttime="20221101 15:12:18.879" endtime="20221101 15:12:19.680"></status>
</kw>
<kw name="Input Password" library="SeleniumLibrary">
<doc>Types the given password into the text field identified by ``locator``.</doc>
<arguments>
<arg>xpath://input[@name = 'password']</arg>
<arg>admin123</arg>
</arguments>
<msg timestamp="20221101 15:12:19.681" level="INFO">Typing password into text field 'xpath://input[@name = 'password']'.</msg>
<msg timestamp="20221101 15:12:19.715" level="INFO">Temporally setting log level to: NONE</msg>
<msg timestamp="20221101 15:12:19.756" level="INFO">Log level changed from NONE to INFO.</msg>
<status status="PASS" starttime="20221101 15:12:19.681" endtime="20221101 15:12:19.756"></status>
</kw>
<kw name="Click Button" library="SeleniumLibrary">
<doc>Clicks the button identified by ``locator``.</doc>
<arguments>
<arg>xpath://button[@type = 'submit']</arg>
</arguments>
<msg timestamp="20221101 15:12:19.757" level="INFO">Clicking button 'xpath://button[@type = 'submit']'.</msg>
<status status="PASS" starttime="20221101 15:12:19.757" endtime="20221101 15:12:19.800"></status>
</kw>
<kw name="Click Element" library="SeleniumLibrary">
<doc>Click the element identified by ``locator``.</doc>
<arguments>
<arg>xpath://p[@class= 'oxd-userdropdown-name']</arg>
</arguments>
<msg timestamp="20221101 15:12:19.801" level="INFO">Clicking element 'xpath://p[@class= 'oxd-userdropdown-name']'.</msg>
<status status="PASS" starttime="20221101 15:12:19.800" endtime="20221101 15:12:25.065"></status>
</kw>
<kw name="Click Element" library="SeleniumLibrary">
<doc>Click the element identified by ``locator``.</doc>
<arguments>
<arg>xpath://a[text() = 'Logout']</arg>
</arguments>
<msg timestamp="20221101 15:12:25.066" level="INFO">Clicking element 'xpath://a[text() = 'Logout']'.</msg>
<status status="PASS" starttime="20221101 15:12:25.065" endtime="20221101 15:12:27.667"></status>
</kw>
<kw name="Log" library="BuiltIn">
<doc>Logs the given message with the given level.</doc>
<arguments>
<arg>Test completed</arg>
</arguments>
<msg timestamp="20221101 15:12:27.669" level="INFO">Test completed</msg>
<status status="PASS" starttime="20221101 15:12:27.668" endtime="20221101 15:12:27.669"></status>
</kw>
<doc>This is a sample login test</doc>
<status status="PASS" starttime="20221101 15:11:49.163" endtime="20221101 15:12:27.669" critical="yes"></status>
</test>
<status status="PASS" starttime="20221101 15:11:49.034" endtime="20221101 15:12:27.671"></status>
</suite>
<status status="PASS" starttime="20221101 15:11:49.031" endtime="20221101 15:12:27.673"></status>
</suite>
<status status="PASS" starttime="20221101 15:11:49.015" endtime="20221101 15:12:27.674"></status>
</suite>
<statistics>
<total>
<stat pass="1" fail="0">Critical Tests</stat>
<stat pass="1" fail="0">All Tests</stat>
</total>
<tag>
</tag>
<suite>
<stat pass="1" fail="0" id="s1" name="RobotProject1">RobotProject1</stat>
<stat pass="1" fail="0" id="s1-s1" name="Test">RobotProject1.Test</stat>
<stat pass="1" fail="0" id="s1-s1-s1" name="TestSuite1">RobotProject1.Test.TestSuite1</stat>
</suite>
</statistics>
<errors>
</errors>
</robot>
